Loading mods from "/home/user/Development/screeps-redux/integration/server/db.json"
Connecting to storage
Terrain shared buffer size: 7500
Got SIGTERM, disabling queue fetching
Storage connection lost
Loading mods from "/home/user/Development/screeps-redux/integration/server/db.json"
Connecting to storage
Terrain shared buffer size: 7500
Got SIGTERM, disabling queue fetching
Storage connection lost
Loading mods from "/home/user/Development/screeps-redux/integration/server/db.json"
Connecting to storage
Terrain shared buffer size: 7500
Got SIGTERM, disabling queue fetching
Storage connection lost
Loading mods from "/home/user/Development/screeps-redux/integration/server/db.json"
Connecting to storage
Terrain shared buffer size: 7500
Got SIGTERM, disabling queue fetching
Storage connection lost
Loading mods from "/home/user/Development/screeps-redux/integration/server/db.json"
Connecting to storage
Terrain shared buffer size: 7500
Loading mods from "/home/user/Development/screeps-redux/integration/server/db.json"
Connecting to storage
Terrain shared buffer size: 7500
Got SIGTERM, disabling queue fetching
Storage connection lost
